Analysis & Synthesis report for Projeto1
Mon Mar 22 22:58:04 2021
Quartus Prime Version 20.1.1 Build 720 11/11/2020 SJ Lite Edition


---------------------
; Table of Contents ;
---------------------
  1. Legal Notice
  2. Analysis & Synthesis Summary
  3. Analysis & Synthesis Settings
  4. Parallel Compilation
  5. Analysis & Synthesis Source Files Read
  6. Analysis & Synthesis Resource Usage Summary
  7. Analysis & Synthesis Resource Utilization by Entity
  8. General Register Statistics
  9. Post-Synthesis Netlist Statistics for Top Partition
 10. Elapsed Time Per Partition
 11. Analysis & Synthesis Messages



----------------
; Legal Notice ;
----------------
Copyright (C) 2020  Intel Corporation. All rights reserved.
Your use of Intel Corporation's design tools, logic functions 
and other software and tools, and any partner logic 
functions, and any output files from any of the foregoing 
(including device programming or simulation files), and any 
associated documentation or information are expressly subject 
to the terms and conditions of the Intel Program License 
Subscription Agreement, the Intel Quartus Prime License Agreement,
the Intel FPGA IP License Agreement, or other applicable license
agreement, including, without limitation, that your use is for
the sole purpose of programming logic devices manufactured by
Intel and sold by Intel or its authorized distributors.  Please
refer to the applicable agreement for further details, at
https://fpgasoftware.intel.com/eula.



+----------------------------------------------------------------------------------+
; Analysis & Synthesis Summary                                                     ;
+------------------------------------+---------------------------------------------+
; Analysis & Synthesis Status        ; Successful - Mon Mar 22 22:58:04 2021       ;
; Quartus Prime Version              ; 20.1.1 Build 720 11/11/2020 SJ Lite Edition ;
; Revision Name                      ; Projeto1                                    ;
; Top-level Entity Name              ; blocoproj                                   ;
; Family                             ; Cyclone IV E                                ;
; Total logic elements               ; 765                                         ;
;     Total combinational functions  ; 761                                         ;
;     Dedicated logic registers      ; 219                                         ;
; Total registers                    ; 219                                         ;
; Total pins                         ; 17                                          ;
; Total virtual pins                 ; 0                                           ;
; Total memory bits                  ; 0                                           ;
; Embedded Multiplier 9-bit elements ; 0                                           ;
; Total PLLs                         ; 0                                           ;
+------------------------------------+---------------------------------------------+


+------------------------------------------------------------------------------------------------------------+
; Analysis & Synthesis Settings                                                                              ;
+------------------------------------------------------------------+--------------------+--------------------+
; Option                                                           ; Setting            ; Default Value      ;
+------------------------------------------------------------------+--------------------+--------------------+
; Device                                                           ; EP4CE6E22C8        ;                    ;
; Top-level entity name                                            ; blocoproj          ; Projeto1           ;
; Family name                                                      ; Cyclone IV E       ; Cyclone V          ;
; Use smart compilation                                            ; Off                ; Off                ;
; Enable parallel Assembler and Timing Analyzer during compilation ; On                 ; On                 ;
; Enable compact report table                                      ; Off                ; Off                ;
; Restructure Multiplexers                                         ; Auto               ; Auto               ;
; Create Debugging Nodes for IP Cores                              ; Off                ; Off                ;
; Preserve fewer node names                                        ; On                 ; On                 ;
; Intel FPGA IP Evaluation Mode                                    ; Enable             ; Enable             ;
; Verilog Version                                                  ; Verilog_2001       ; Verilog_2001       ;
; VHDL Version                                                     ; VHDL_1993          ; VHDL_1993          ;
; State Machine Processing                                         ; Auto               ; Auto               ;
; Safe State Machine                                               ; Off                ; Off                ;
; Extract Verilog State Machines                                   ; On                 ; On                 ;
; Extract VHDL State Machines                                      ; On                 ; On                 ;
; Ignore Verilog initial constructs                                ; Off                ; Off                ;
; Iteration limit for constant Verilog loops                       ; 5000               ; 5000               ;
; Iteration limit for non-constant Verilog loops                   ; 250                ; 250                ;
; Add Pass-Through Logic to Inferred RAMs                          ; On                 ; On                 ;
; Infer RAMs from Raw Logic                                        ; On                 ; On                 ;
; Parallel Synthesis                                               ; On                 ; On                 ;
; DSP Block Balancing                                              ; Auto               ; Auto               ;
; NOT Gate Push-Back                                               ; On                 ; On                 ;
; Power-Up Don't Care                                              ; On                 ; On                 ;
; Remove Redundant Logic Cells                                     ; Off                ; Off                ;
; Remove Duplicate Registers                                       ; On                 ; On                 ;
; Ignore CARRY Buffers                                             ; Off                ; Off                ;
; Ignore CASCADE Buffers                                           ; Off                ; Off                ;
; Ignore GLOBAL Buffers                                            ; Off                ; Off                ;
; Ignore ROW GLOBAL Buffers                                        ; Off                ; Off                ;
; Ignore LCELL Buffers                                             ; Off                ; Off                ;
; Ignore SOFT Buffers                                              ; On                 ; On                 ;
; Limit AHDL Integers to 32 Bits                                   ; Off                ; Off                ;
; Optimization Technique                                           ; Balanced           ; Balanced           ;
; Carry Chain Length                                               ; 70                 ; 70                 ;
; Auto Carry Chains                                                ; On                 ; On                 ;
; Auto Open-Drain Pins                                             ; On                 ; On                 ;
; Perform WYSIWYG Primitive Resynthesis                            ; Off                ; Off                ;
; Auto ROM Replacement                                             ; On                 ; On                 ;
; Auto RAM Replacement                                             ; On                 ; On                 ;
; Auto DSP Block Replacement                                       ; On                 ; On                 ;
; Auto Shift Register Replacement                                  ; Auto               ; Auto               ;
; Allow Shift Register Merging across Hierarchies                  ; Auto               ; Auto               ;
; Auto Clock Enable Replacement                                    ; On                 ; On                 ;
; Strict RAM Replacement                                           ; Off                ; Off                ;
; Allow Synchronous Control Signals                                ; On                 ; On                 ;
; Force Use of Synchronous Clear Signals                           ; Off                ; Off                ;
; Auto RAM Block Balancing                                         ; On                 ; On                 ;
; Auto RAM to Logic Cell Conversion                                ; Off                ; Off                ;
; Auto Resource Sharing                                            ; Off                ; Off                ;
; Allow Any RAM Size For Recognition                               ; Off                ; Off                ;
; Allow Any ROM Size For Recognition                               ; Off                ; Off                ;
; Allow Any Shift Register Size For Recognition                    ; Off                ; Off                ;
; Use LogicLock Constraints during Resource Balancing              ; On                 ; On                 ;
; Ignore translate_off and synthesis_off directives                ; Off                ; Off                ;
; Timing-Driven Synthesis                                          ; On                 ; On                 ;
; Report Parameter Settings                                        ; On                 ; On                 ;
; Report Source Assignments                                        ; On                 ; On                 ;
; Report Connectivity Checks                                       ; On                 ; On                 ;
; Ignore Maximum Fan-Out Assignments                               ; Off                ; Off                ;
; Synchronization Register Chain Length                            ; 2                  ; 2                  ;
; Power Optimization During Synthesis                              ; Normal compilation ; Normal compilation ;
; HDL message level                                                ; Level2             ; Level2             ;
; Suppress Register Optimization Related Messages                  ; Off                ; Off                ;
; Number of Removed Registers Reported in Synthesis Report         ; 5000               ; 5000               ;
; Number of Swept Nodes Reported in Synthesis Report               ; 5000               ; 5000               ;
; Number of Inverted Registers Reported in Synthesis Report        ; 100                ; 100                ;
; Clock MUX Protection                                             ; On                 ; On                 ;
; Auto Gated Clock Conversion                                      ; Off                ; Off                ;
; Block Design Naming                                              ; Auto               ; Auto               ;
; SDC constraint protection                                        ; Off                ; Off                ;
; Synthesis Effort                                                 ; Auto               ; Auto               ;
; Shift Register Replacement - Allow Asynchronous Clear Signal     ; On                 ; On                 ;
; Pre-Mapping Resynthesis Optimization                             ; Off                ; Off                ;
; Analysis & Synthesis Message Level                               ; Medium             ; Medium             ;
; Disable Register Merging Across Hierarchies                      ; Auto               ; Auto               ;
; Resource Aware Inference For Block RAM                           ; On                 ; On                 ;
+------------------------------------------------------------------+--------------------+--------------------+


+------------------------------------------+
; Parallel Compilation                     ;
+----------------------------+-------------+
; Processors                 ; Number      ;
+----------------------------+-------------+
; Number detected on machine ; 4           ;
; Maximum allowed            ; 4           ;
;                            ;             ;
; Average used               ; 1.00        ;
; Maximum used               ; 4           ;
;                            ;             ;
; Usage by Processor         ; % Time Used ;
;     Processor 1            ; 100.0%      ;
;     Processor 2            ;   0.1%      ;
;     Processors 3-4         ;   0.1%      ;
+----------------------------+-------------+


+----------------------------------------------------------------------------------------------------------------------------------------------------------------------+
; Analysis & Synthesis Source Files Read                                                                                                                               ;
+----------------------------------+-----------------+------------------------------------+------------------------------------------------------------------+---------+
; File Name with User-Entered Path ; Used in Netlist ; File Type                          ; File Name with Absolute Path                                     ; Library ;
+----------------------------------+-----------------+------------------------------------+------------------------------------------------------------------+---------+
; display.tdf                      ; yes             ; User AHDL File                     ; D:/Estudo/Eletrônica Digital/P1/display.tdf                      ;         ;
; divisor.tdf                      ; yes             ; User AHDL File                     ; D:/Estudo/Eletrônica Digital/P1/divisor.tdf                      ;         ;
; seletor.tdf                      ; yes             ; User AHDL File                     ; D:/Estudo/Eletrônica Digital/P1/seletor.tdf                      ;         ;
; MUXamfm.tdf                      ; yes             ; User AHDL File                     ; D:/Estudo/Eletrônica Digital/P1/MUXamfm.tdf                      ;         ;
; blocoproj.bdf                    ; yes             ; User Block Diagram/Schematic File  ; D:/Estudo/Eletrônica Digital/P1/blocoproj.bdf                    ;         ;
; debouncers/debouncer_monitor.tdf ; yes             ; User AHDL File                     ; D:/Estudo/Eletrônica Digital/P1/debouncers/debouncer_monitor.tdf ;         ;
; contincam.tdf                    ; yes             ; User AHDL File                     ; D:/Estudo/Eletrônica Digital/P1/contincam.tdf                    ;         ;
; contincfm.tdf                    ; yes             ; User AHDL File                     ; D:/Estudo/Eletrônica Digital/P1/contincfm.tdf                    ;         ;
; continc.tdf                      ; yes             ; User AHDL File                     ; D:/Estudo/Eletrônica Digital/P1/continc.tdf                      ;         ;
; muxfav.tdf                       ; yes             ; User AHDL File                     ; D:/Estudo/Eletrônica Digital/P1/muxfav.tdf                       ;         ;
; enablecontfm.tdf                 ; yes             ; User AHDL File                     ; D:/Estudo/Eletrônica Digital/P1/enablecontfm.tdf                 ;         ;
; enablecontam.tdf                 ; yes             ; User AHDL File                     ; D:/Estudo/Eletrônica Digital/P1/enablecontam.tdf                 ;         ;
; continc.inc                      ; yes             ; Auto-Found AHDL File               ; D:/Estudo/Eletrônica Digital/P1/continc.inc                      ;         ;
+----------------------------------+-----------------+------------------------------------+------------------------------------------------------------------+---------+


+-----------------------------------------------------------------+
; Analysis & Synthesis Resource Usage Summary                     ;
+---------------------------------------------+-------------------+
; Resource                                    ; Usage             ;
+---------------------------------------------+-------------------+
; Estimated Total logic elements              ; 765               ;
;                                             ;                   ;
; Total combinational functions               ; 761               ;
; Logic element usage by number of LUT inputs ;                   ;
;     -- 4 input functions                    ; 500               ;
;     -- 3 input functions                    ; 120               ;
;     -- <=2 input functions                  ; 141               ;
;                                             ;                   ;
; Logic elements by mode                      ;                   ;
;     -- normal mode                          ; 681               ;
;     -- arithmetic mode                      ; 80                ;
;                                             ;                   ;
; Total registers                             ; 219               ;
;     -- Dedicated logic registers            ; 219               ;
;     -- I/O registers                        ; 0                 ;
;                                             ;                   ;
; I/O pins                                    ; 17                ;
;                                             ;                   ;
; Embedded Multiplier 9-bit elements          ; 0                 ;
;                                             ;                   ;
; Maximum fan-out node                        ; Clock_Placa~input ;
; Maximum fan-out                             ; 101               ;
; Total fan-out                               ; 3189              ;
; Average fan-out                             ; 3.14              ;
+---------------------------------------------+-------------------+


+--------------------------------------------------------------------------------------------------------------------------------------------------------------------------------------------------------------------------------------------+
; Analysis & Synthesis Resource Utilization by Entity                                                                                                                                                                                        ;
+-------------------------------+---------------------+---------------------------+-------------+--------------+---------+-----------+------+--------------+----------------------------------------------+-------------------+--------------+
; Compilation Hierarchy Node    ; Combinational ALUTs ; Dedicated Logic Registers ; Memory Bits ; DSP Elements ; DSP 9x9 ; DSP 18x18 ; Pins ; Virtual Pins ; Full Hierarchy Name                          ; Entity Name       ; Library Name ;
+-------------------------------+---------------------+---------------------------+-------------+--------------+---------+-----------+------+--------------+----------------------------------------------+-------------------+--------------+
; |blocoproj                    ; 761 (0)             ; 219 (0)                   ; 0           ; 0            ; 0       ; 0         ; 17   ; 0            ; |blocoproj                                   ; blocoproj         ; work         ;
;    |contincam:Favorito3AM|    ; 86 (31)             ; 19 (0)                    ; 0           ; 0            ; 0       ; 0         ; 0    ; 0            ; |blocoproj|contincam:Favorito3AM             ; contincam         ; work         ;
;       |continc:cem|           ; 16 (16)             ; 5 (5)                     ; 0           ; 0            ; 0       ; 0         ; 0    ; 0            ; |blocoproj|contincam:Favorito3AM|continc:cem ; continc           ; work         ;
;       |continc:dez|           ; 15 (15)             ; 5 (5)                     ; 0           ; 0            ; 0       ; 0         ; 0    ; 0            ; |blocoproj|contincam:Favorito3AM|continc:dez ; continc           ; work         ;
;       |continc:mil|           ; 11 (11)             ; 4 (4)                     ; 0           ; 0            ; 0       ; 0         ; 0    ; 0            ; |blocoproj|contincam:Favorito3AM|continc:mil ; continc           ; work         ;
;       |continc:uni|           ; 13 (13)             ; 5 (5)                     ; 0           ; 0            ; 0       ; 0         ; 0    ; 0            ; |blocoproj|contincam:Favorito3AM|continc:uni ; continc           ; work         ;
;    |contincam:Favorito4AM|    ; 86 (31)             ; 19 (0)                    ; 0           ; 0            ; 0       ; 0         ; 0    ; 0            ; |blocoproj|contincam:Favorito4AM             ; contincam         ; work         ;
;       |continc:cem|           ; 16 (16)             ; 5 (5)                     ; 0           ; 0            ; 0       ; 0         ; 0    ; 0            ; |blocoproj|contincam:Favorito4AM|continc:cem ; continc           ; work         ;
;       |continc:dez|           ; 15 (15)             ; 5 (5)                     ; 0           ; 0            ; 0       ; 0         ; 0    ; 0            ; |blocoproj|contincam:Favorito4AM|continc:dez ; continc           ; work         ;
;       |continc:mil|           ; 11 (11)             ; 4 (4)                     ; 0           ; 0            ; 0       ; 0         ; 0    ; 0            ; |blocoproj|contincam:Favorito4AM|continc:mil ; continc           ; work         ;
;       |continc:uni|           ; 13 (13)             ; 5 (5)                     ; 0           ; 0            ; 0       ; 0         ; 0    ; 0            ; |blocoproj|contincam:Favorito4AM|continc:uni ; continc           ; work         ;
;    |contincam:inst20|         ; 77 (23)             ; 19 (0)                    ; 0           ; 0            ; 0       ; 0         ; 0    ; 0            ; |blocoproj|contincam:inst20                  ; contincam         ; work         ;
;       |continc:cem|           ; 17 (17)             ; 5 (5)                     ; 0           ; 0            ; 0       ; 0         ; 0    ; 0            ; |blocoproj|contincam:inst20|continc:cem      ; continc           ; work         ;
;       |continc:dez|           ; 14 (14)             ; 5 (5)                     ; 0           ; 0            ; 0       ; 0         ; 0    ; 0            ; |blocoproj|contincam:inst20|continc:dez      ; continc           ; work         ;
;       |continc:mil|           ; 10 (10)             ; 4 (4)                     ; 0           ; 0            ; 0       ; 0         ; 0    ; 0            ; |blocoproj|contincam:inst20|continc:mil      ; continc           ; work         ;
;       |continc:uni|           ; 13 (13)             ; 5 (5)                     ; 0           ; 0            ; 0       ; 0         ; 0    ; 0            ; |blocoproj|contincam:inst20|continc:uni      ; continc           ; work         ;
;    |contincfm:favorito3|      ; 90 (28)             ; 19 (0)                    ; 0           ; 0            ; 0       ; 0         ; 0    ; 0            ; |blocoproj|contincfm:favorito3               ; contincfm         ; work         ;
;       |continc:cem|           ; 18 (18)             ; 5 (5)                     ; 0           ; 0            ; 0       ; 0         ; 0    ; 0            ; |blocoproj|contincfm:favorito3|continc:cem   ; continc           ; work         ;
;       |continc:dez|           ; 16 (16)             ; 5 (5)                     ; 0           ; 0            ; 0       ; 0         ; 0    ; 0            ; |blocoproj|contincfm:favorito3|continc:dez   ; continc           ; work         ;
;       |continc:mil|           ; 11 (11)             ; 4 (4)                     ; 0           ; 0            ; 0       ; 0         ; 0    ; 0            ; |blocoproj|contincfm:favorito3|continc:mil   ; continc           ; work         ;
;       |continc:uni|           ; 17 (17)             ; 5 (5)                     ; 0           ; 0            ; 0       ; 0         ; 0    ; 0            ; |blocoproj|contincfm:favorito3|continc:uni   ; continc           ; work         ;
;    |contincfm:favorito4|      ; 88 (27)             ; 19 (0)                    ; 0           ; 0            ; 0       ; 0         ; 0    ; 0            ; |blocoproj|contincfm:favorito4               ; contincfm         ; work         ;
;       |continc:cem|           ; 17 (17)             ; 5 (5)                     ; 0           ; 0            ; 0       ; 0         ; 0    ; 0            ; |blocoproj|contincfm:favorito4|continc:cem   ; continc           ; work         ;
;       |continc:dez|           ; 16 (16)             ; 5 (5)                     ; 0           ; 0            ; 0       ; 0         ; 0    ; 0            ; |blocoproj|contincfm:favorito4|continc:dez   ; continc           ; work         ;
;       |continc:mil|           ; 11 (11)             ; 4 (4)                     ; 0           ; 0            ; 0       ; 0         ; 0    ; 0            ; |blocoproj|contincfm:favorito4|continc:mil   ; continc           ; work         ;
;       |continc:uni|           ; 17 (17)             ; 5 (5)                     ; 0           ; 0            ; 0       ; 0         ; 0    ; 0            ; |blocoproj|contincfm:favorito4|continc:uni   ; continc           ; work         ;
;    |contincfm:inst5|          ; 83 (25)             ; 19 (0)                    ; 0           ; 0            ; 0       ; 0         ; 0    ; 0            ; |blocoproj|contincfm:inst5                   ; contincfm         ; work         ;
;       |continc:cem|           ; 15 (15)             ; 5 (5)                     ; 0           ; 0            ; 0       ; 0         ; 0    ; 0            ; |blocoproj|contincfm:inst5|continc:cem       ; continc           ; work         ;
;       |continc:dez|           ; 17 (17)             ; 5 (5)                     ; 0           ; 0            ; 0       ; 0         ; 0    ; 0            ; |blocoproj|contincfm:inst5|continc:dez       ; continc           ; work         ;
;       |continc:mil|           ; 11 (11)             ; 4 (4)                     ; 0           ; 0            ; 0       ; 0         ; 0    ; 0            ; |blocoproj|contincfm:inst5|continc:mil       ; continc           ; work         ;
;       |continc:uni|           ; 15 (15)             ; 5 (5)                     ; 0           ; 0            ; 0       ; 0         ; 0    ; 0            ; |blocoproj|contincfm:inst5|continc:uni       ; continc           ; work         ;
;    |debouncer_monitor:inst12| ; 27 (27)             ; 22 (22)                   ; 0           ; 0            ; 0       ; 0         ; 0    ; 0            ; |blocoproj|debouncer_monitor:inst12          ; debouncer_monitor ; work         ;
;    |debouncer_monitor:inst13| ; 27 (27)             ; 22 (22)                   ; 0           ; 0            ; 0       ; 0         ; 0    ; 0            ; |blocoproj|debouncer_monitor:inst13          ; debouncer_monitor ; work         ;
;    |display:inst2|            ; 142 (142)           ; 27 (27)                   ; 0           ; 0            ; 0       ; 0         ; 0    ; 0            ; |blocoproj|display:inst2                     ; display           ; work         ;
;    |divisor:inst4|            ; 34 (34)             ; 26 (26)                   ; 0           ; 0            ; 0       ; 0         ; 0    ; 0            ; |blocoproj|divisor:inst4                     ; divisor           ; work         ;
;    |enablecontam:inst23|      ; 2 (2)               ; 1 (1)                     ; 0           ; 0            ; 0       ; 0         ; 0    ; 0            ; |blocoproj|enablecontam:inst23               ; enablecontam      ; work         ;
;    |enablecontam:inst24|      ; 2 (2)               ; 1 (1)                     ; 0           ; 0            ; 0       ; 0         ; 0    ; 0            ; |blocoproj|enablecontam:inst24               ; enablecontam      ; work         ;
;    |enablecontfm:inst21|      ; 2 (2)               ; 1 (1)                     ; 0           ; 0            ; 0       ; 0         ; 0    ; 0            ; |blocoproj|enablecontfm:inst21               ; enablecontfm      ; work         ;
;    |enablecontfm:inst25|      ; 2 (2)               ; 1 (1)                     ; 0           ; 0            ; 0       ; 0         ; 0    ; 0            ; |blocoproj|enablecontfm:inst25               ; enablecontfm      ; work         ;
;    |muxfav:inst14|            ; 2 (2)               ; 0 (0)                     ; 0           ; 0            ; 0       ; 0         ; 0    ; 0            ; |blocoproj|muxfav:inst14                     ; muxfav            ; work         ;
;    |seletor:inst3|            ; 11 (11)             ; 4 (4)                     ; 0           ; 0            ; 0       ; 0         ; 0    ; 0            ; |blocoproj|seletor:inst3                     ; seletor           ; work         ;
+-------------------------------+---------------------+---------------------------+-------------+--------------+---------+-----------+------+--------------+----------------------------------------------+-------------------+--------------+
Note: For table entries with two numbers listed, the numbers in parentheses indicate the number of resources of the given type used by the specific entity alone. The numbers listed outside of parentheses indicate the total resources of the given type used by the specific entity and all of its sub-entities in the hierarchy.


+------------------------------------------------------+
; General Register Statistics                          ;
+----------------------------------------------+-------+
; Statistic                                    ; Value ;
+----------------------------------------------+-------+
; Total registers                              ; 219   ;
; Number of registers using Synchronous Clear  ; 84    ;
; Number of registers using Synchronous Load   ; 0     ;
; Number of registers using Asynchronous Clear ; 0     ;
; Number of registers using Asynchronous Load  ; 0     ;
; Number of registers using Clock Enable       ; 2     ;
; Number of registers using Preset             ; 0     ;
+----------------------------------------------+-------+


+-----------------------------------------------------+
; Post-Synthesis Netlist Statistics for Top Partition ;
+-----------------------+-----------------------------+
; Type                  ; Count                       ;
+-----------------------+-----------------------------+
; boundary_port         ; 17                          ;
; cycloneiii_ff         ; 219                         ;
;     ENA               ; 2                           ;
;     SCLR              ; 84                          ;
;     plain             ; 133                         ;
; cycloneiii_lcell_comb ; 766                         ;
;     arith             ; 80                          ;
;         2 data inputs ; 76                          ;
;         3 data inputs ; 4                           ;
;     normal            ; 686                         ;
;         1 data inputs ; 11                          ;
;         2 data inputs ; 59                          ;
;         3 data inputs ; 116                         ;
;         4 data inputs ; 500                         ;
;                       ;                             ;
; Max LUT depth         ; 9.00                        ;
; Average LUT depth     ; 5.14                        ;
+-----------------------+-----------------------------+


+-------------------------------+
; Elapsed Time Per Partition    ;
+----------------+--------------+
; Partition Name ; Elapsed Time ;
+----------------+--------------+
; Top            ; 00:00:02     ;
+----------------+--------------+


+-------------------------------+
; Analysis & Synthesis Messages ;
+-------------------------------+
Info: *******************************************************************
Info: Running Quartus Prime Analysis & Synthesis
    Info: Version 20.1.1 Build 720 11/11/2020 SJ Lite Edition
    Info: Processing started: Mon Mar 22 22:57:52 2021
Info: Command: quartus_map --read_settings_files=on --write_settings_files=off Projeto1 -c Projeto1
Warning (18236): Number of processors has not been specified which may cause overloading on shared machines.  Set the global assignment NUM_PARALLEL_PROCESSORS in your QSF to an appropriate value for best performance.
Info (20030): Parallel compilation is enabled and will use 4 of the 4 processors detected
Info (12021): Found 1 design units, including 1 entities, in source file intermed.tdf
    Info (12023): Found entity 1: intermed File: D:/Estudo/Eletrônica Digital/P1/intermed.tdf Line: 2
Warning (287002): Group MSB out7 overrides BIT0 = LSB in actual or default Options Statement File: D:/Estudo/Eletrônica Digital/P1/display.tdf Line: 6
Info (12021): Found 1 design units, including 1 entities, in source file display.tdf
    Info (12023): Found entity 1: display File: D:/Estudo/Eletrônica Digital/P1/display.tdf Line: 1
Info (12021): Found 1 design units, including 1 entities, in source file divisor.tdf
    Info (12023): Found entity 1: divisor File: D:/Estudo/Eletrônica Digital/P1/divisor.tdf Line: 1
Warning (287002): Group MSB sel1 overrides BIT0 = LSB in actual or default Options Statement File: D:/Estudo/Eletrônica Digital/P1/seletor.tdf Line: 6
Info (12021): Found 1 design units, including 1 entities, in source file seletor.tdf
    Info (12023): Found entity 1: seletor File: D:/Estudo/Eletrônica Digital/P1/seletor.tdf Line: 1
Info (12021): Found 1 design units, including 1 entities, in source file muxamfm.tdf
    Info (12023): Found entity 1: MUXamfm File: D:/Estudo/Eletrônica Digital/P1/MUXamfm.tdf Line: 1
Info (12021): Found 1 design units, including 1 entities, in source file blocoproj.bdf
    Info (12023): Found entity 1: blocoproj
Info (12021): Found 1 design units, including 1 entities, in source file divisormeio.tdf
    Info (12023): Found entity 1: divisormeio File: D:/Estudo/Eletrônica Digital/P1/divisormeio.tdf Line: 1
Info (12021): Found 1 design units, including 1 entities, in source file cont.tdf
    Info (12023): Found entity 1: cont File: D:/Estudo/Eletrônica Digital/P1/cont.tdf Line: 1
Info (12021): Found 1 design units, including 1 entities, in source file parametrosfm.tdf
    Info (12023): Found entity 1: parametrosfm File: D:/Estudo/Eletrônica Digital/P1/parametrosfm.tdf Line: 1
Info (12021): Found 1 design units, including 1 entities, in source file contfm.tdf
    Info (12023): Found entity 1: contfm File: D:/Estudo/Eletrônica Digital/P1/contfm.tdf Line: 1
Info (12021): Found 1 design units, including 1 entities, in source file debouncers/debouncer_monitor.tdf
    Info (12023): Found entity 1: debouncer_monitor File: D:/Estudo/Eletrônica Digital/P1/debouncers/debouncer_monitor.tdf Line: 1
Info (12021): Found 1 design units, including 1 entities, in source file testeparams.bdf
    Info (12023): Found entity 1: testeparams
Warning (287013): Variable or input pin "maisum" is defined but never used. File: D:/Estudo/Eletrônica Digital/P1/contadorfm.tdf Line: 17
Info (12021): Found 1 design units, including 1 entities, in source file contadorfm.tdf
    Info (12023): Found entity 1: contadorfm File: D:/Estudo/Eletrônica Digital/P1/contadorfm.tdf Line: 3
Warning (287002): Group MSB teste2 overrides BIT0 = LSB in actual or default Options Statement File: D:/Estudo/Eletrônica Digital/P1/MUXamfmfav.tdf Line: 7
Info (12021): Found 1 design units, including 1 entities, in source file muxamfmfav.tdf
    Info (12023): Found entity 1: MUXamfmfav File: D:/Estudo/Eletrônica Digital/P1/MUXamfmfav.tdf Line: 1
Warning (287002): Group MSB teste2 overrides BIT0 = LSB in actual or default Options Statement File: D:/Estudo/Eletrônica Digital/P1/testmux.tdf Line: 6
Info (12021): Found 1 design units, including 1 entities, in source file testmux.tdf
    Info (12023): Found entity 1: testmux File: D:/Estudo/Eletrônica Digital/P1/testmux.tdf Line: 1
Info (12021): Found 1 design units, including 1 entities, in source file testemux.bdf
    Info (12023): Found entity 1: testemux
Warning (287002): Group MSB teste2 overrides BIT0 = LSB in actual or default Options Statement File: D:/Estudo/Eletrônica Digital/P1/testmuxburro.tdf Line: 5
Info (12021): Found 1 design units, including 1 entities, in source file testmuxburro.tdf
    Info (12023): Found entity 1: testmuxburro File: D:/Estudo/Eletrônica Digital/P1/testmuxburro.tdf Line: 1
Info (12021): Found 1 design units, including 1 entities, in source file testmuxdff.tdf
    Info (12023): Found entity 1: testmuxdff File: D:/Estudo/Eletrônica Digital/P1/testmuxdff.tdf Line: 1
Warning (287002): Group MSB sel1 overrides BIT0 = LSB in actual or default Options Statement File: D:/Estudo/Eletrônica Digital/P1/continc.inc Line: 24
Info (12021): Found 1 design units, including 1 entities, in source file contincam.tdf
    Info (12023): Found entity 1: contincam File: D:/Estudo/Eletrônica Digital/P1/contincam.tdf Line: 2
Warning (287002): Group MSB sel1 overrides BIT0 = LSB in actual or default Options Statement File: D:/Estudo/Eletrônica Digital/P1/continc.inc Line: 24
Info (12021): Found 1 design units, including 1 entities, in source file contincfm.tdf
    Info (12023): Found entity 1: contincfm File: D:/Estudo/Eletrônica Digital/P1/contincfm.tdf Line: 2
Warning (287002): Group MSB sel1 overrides BIT0 = LSB in actual or default Options Statement File: D:/Estudo/Eletrônica Digital/P1/continc.tdf Line: 3
Info (12021): Found 1 design units, including 1 entities, in source file continc.tdf
    Info (12023): Found entity 1: continc File: D:/Estudo/Eletrônica Digital/P1/continc.tdf Line: 1
Info (12021): Found 1 design units, including 1 entities, in source file testecontador.bdf
    Info (12023): Found entity 1: testecontador
Info (12021): Found 1 design units, including 1 entities, in source file enablecont.tdf
    Info (12023): Found entity 1: enablecont File: D:/Estudo/Eletrônica Digital/P1/enablecont.tdf Line: 1
Info (12021): Found 1 design units, including 1 entities, in source file muxfav.tdf
    Info (12023): Found entity 1: muxfav File: D:/Estudo/Eletrônica Digital/P1/muxfav.tdf Line: 1
Info (12021): Found 1 design units, including 1 entities, in source file enablecontfm.tdf
    Info (12023): Found entity 1: enablecontfm File: D:/Estudo/Eletrônica Digital/P1/enablecontfm.tdf Line: 1
Info (12021): Found 1 design units, including 1 entities, in source file enablecontam.tdf
    Info (12023): Found entity 1: enablecontam File: D:/Estudo/Eletrônica Digital/P1/enablecontam.tdf Line: 1
Info (12021): Found 1 design units, including 1 entities, in source file enacontfm.tdf
    Info (12023): Found entity 1: enacontfm File: D:/Estudo/Eletrônica Digital/P1/enacontfm.tdf Line: 1
Info (12127): Elaborating entity "blocoproj" for the top level hierarchy
Warning (275011): Block or symbol "NOT" of instance "inst11" overlaps another block or symbol
Info (12128): Elaborating entity "display" for hierarchy "display:inst2"
Info (12128): Elaborating entity "MUXamfm" for hierarchy "MUXamfm:inst"
Info (12128): Elaborating entity "muxfav" for hierarchy "muxfav:inst17"
Info (12128): Elaborating entity "seletor" for hierarchy "seletor:inst3"
Info (12128): Elaborating entity "debouncer_monitor" for hierarchy "debouncer_monitor:inst12"
Info (12128): Elaborating entity "divisor" for hierarchy "divisor:inst4"
Info (12128): Elaborating entity "contincam" for hierarchy "contincam:Favorito3AM"
Info (12128): Elaborating entity "continc" for hierarchy "contincam:Favorito3AM|continc:uni" File: D:/Estudo/Eletrônica Digital/P1/contincam.tdf Line: 8
Info (12128): Elaborating entity "continc" for hierarchy "contincam:Favorito3AM|continc:mil" File: D:/Estudo/Eletrônica Digital/P1/contincam.tdf Line: 8
Info (12128): Elaborating entity "enablecontam" for hierarchy "enablecontam:inst23"
Info (12128): Elaborating entity "contincam" for hierarchy "contincam:inst20"
Warning (287002): Group MSB sel1 overrides BIT0 = LSB in actual or default Options Statement File: D:/Estudo/Eletrônica Digital/P1/continc.inc Line: 24
Info (12128): Elaborating entity "contincfm" for hierarchy "contincfm:favorito3"
Info (12128): Elaborating entity "enablecontfm" for hierarchy "enablecontfm:inst25"
Info (12128): Elaborating entity "contincfm" for hierarchy "contincfm:inst5"
Info (286030): Timing-Driven Synthesis is running
Info (16010): Generating hard_block partition "hard_block:auto_generated_inst"
    Info (16011): Adding 0 node(s), including 0 DDIO, 0 PLL, 0 transceiver and 0 LCELL
Info (21057): Implemented 782 device resources after synthesis - the final resource count might be different
    Info (21058): Implemented 5 input pins
    Info (21059): Implemented 12 output pins
    Info (21061): Implemented 765 logic cells
Info: Quartus Prime Analysis & Synthesis was successful. 0 errors, 12 warnings
    Info: Peak virtual memory: 4771 megabytes
    Info: Processing ended: Mon Mar 22 22:58:04 2021
    Info: Elapsed time: 00:00:12
    Info: Total CPU time (on all processors): 00:00:21


